[debug] [2022-09-27T13:03:00.049Z] ----------------------------------------------------------------------
[debug] [2022-09-27T13:03:00.052Z] Command:       /usr/local/bin/node /usr/local/bin/firebase init
[debug] [2022-09-27T13:03:00.052Z] CLI Version:   11.10.0
[debug] [2022-09-27T13:03:00.053Z] Platform:      darwin
[debug] [2022-09-27T13:03:00.053Z] Node Version:  v14.20.1
[debug] [2022-09-27T13:03:00.054Z] Time:          Tue Sep 27 2022 16:03:00 GMT+0300 (East Africa Time)
[debug] [2022-09-27T13:03:00.054Z] ----------------------------------------------------------------------
[debug] 
[debug] [2022-09-27T13:03:00.062Z] > command requires scopes: ["email","openid","https://www.googleapis.com/auth/cloudplatformprojects.readonly","https://www.googleapis.com/auth/firebase","https://www.googleapis.com/auth/cloud-platform"]
[debug] [2022-09-27T13:03:00.062Z] > authorizing via signed-in user (mainarachelle@gmail.com)
[info] 
     ######## #### ########  ######## ########     ###     ######  ########
     ##        ##  ##     ## ##       ##     ##  ##   ##  ##       ##
     ######    ##  ########  ######   ########  #########  ######  ######
     ##        ##  ##    ##  ##       ##     ## ##     ##       ## ##
     ##       #### ##     ## ######## ########  ##     ##  ######  ########

You're about to initialize a Firebase project in this directory:

  /Users/rachelle/Desktop/track-server

[info] 
=== Project Setup
[info] 
[info] First, let's associate this project directory with a Firebase project.
[info] You can create multiple project aliases by running firebase use --add, 
[info] but for now we'll just set up a default project.
[info] 
[debug] [2022-09-27T13:03:31.227Z] >>> [apiv2][query] GET https://firebase.googleapis.com/v1beta1/projects pageSize=100
[debug] [2022-09-27T13:03:32.109Z] <<< [apiv2][status] GET https://firebase.googleapis.com/v1beta1/projects 200
[debug] [2022-09-27T13:03:32.109Z] <<< [apiv2][body] GET https://firebase.googleapis.com/v1beta1/projects [omitted]
[info] i  Using project tracks-backend (tracks-backend) 
[info] 
=== Hosting Setup
[info] 
[info] Your public directory is the folder (relative to your project directory) that
[info] will contain Hosting assets to be uploaded with firebase deploy. If you
[info] have a build process for your assets, use your build's output directory.
[info] 
[debug] [2022-09-27T13:04:14.001Z] >>> [apiv2][query] GET https://www.gstatic.com/firebasejs/releases.json [none]
[debug] [2022-09-27T13:04:14.387Z] <<< [apiv2][status] GET https://www.gstatic.com/firebasejs/releases.json 200
[debug] [2022-09-27T13:04:14.388Z] <<< [apiv2][body] GET https://www.gstatic.com/firebasejs/releases.json {"current":{"version":"9.10.0","browserURL":"https://www.gstatic.com/firebasejs/9.10.0/firebase.js","packageURL":"https://www.gstatic.com/firebasejs/9.10.0/firebase.tgz"},"live":{"version":"9.10","browserURL":"https://www.gstatic.com/firebasejs/live/9.10/firebase.js","packageURL":"https://www.gstatic.com/firebasejs/live/9.10/firebase.tgz"},"components":{"analytics":"https://www.gstatic.com/firebasejs/9.10.0/firebase-analytics.js","app":"https://www.gstatic.com/firebasejs/9.10.0/firebase-app.js","app-check":"https://www.gstatic.com/firebasejs/9.10.0/firebase-app-check.js","auth":"https://www.gstatic.com/firebasejs/9.10.0/firebase-auth.js","auth/cordova":"https://www.gstatic.com/firebasejs/9.10.0/firebase-auth/cordova.js","auth/react-native":"https://www.gstatic.com/firebasejs/9.10.0/firebase-auth/react-native.js","functions":"https://www.gstatic.com/firebasejs/9.10.0/firebase-functions.js","firestore":"https://www.gstatic.com/firebasejs/9.10.0/firebase-firestore.js","firestore/lite":"https://www.gstatic.com/firebasejs/9.10.0/firebase-firestore/lite.js","installations":"https://www.gstatic.com/firebasejs/9.10.0/firebase-installations.js","storage":"https://www.gstatic.com/firebasejs/9.10.0/firebase-storage.js","performance":"https://www.gstatic.com/firebasejs/9.10.0/firebase-performance.js","remote-config":"https://www.gstatic.com/firebasejs/9.10.0/firebase-remote-config.js","messaging":"https://www.gstatic.com/firebasejs/9.10.0/firebase-messaging.js","messaging/sw":"https://www.gstatic.com/firebasejs/9.10.0/firebase-messaging/sw.js","database":"https://www.gstatic.com/firebasejs/9.10.0/firebase-database.js","firestore.memory":"https://www.gstatic.com/firebasejs/9.10.0/firebase-firestore.memory.js"}}
[info] ✔  Wrote public/index.html 
[info] 
[info] i  Didn't detect a .git folder. Assuming /Users/rachelle/Desktop/track-server is the project root. 
[info] i  Authorizing with GitHub to upload your service account to a GitHub repository's secrets store. 
[info] 
[info] Visit this URL on this device to log in:
[info] https://github.com/login/oauth/authorize?client_id=89cf50f02ac6aaed3484&state=561694664&redirect_uri=http%3A%2F%2Flocalhost%3A9005&scope=read%3Auser%20repo%20public_repo
[info] 
[info] Waiting for authentication...
[debug] [2022-09-27T13:04:59.662Z] >>> [apiv2][query] POST https://github.com/login/oauth/access_token [none]
[debug] [2022-09-27T13:04:59.662Z] >>> [apiv2][body] POST https://github.com/login/oauth/access_token [stream]
[debug] [2022-09-27T13:05:00.371Z] <<< [apiv2][status] POST https://github.com/login/oauth/access_token 200
[debug] [2022-09-27T13:05:00.371Z] <<< [apiv2][body] POST https://github.com/login/oauth/access_token {"access_token":"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","token_type":"bearer","scope":"read:user,repo"}
[debug] [2022-09-27T13:05:00.382Z] >>> [apiv2][query] GET https://api.github.com/user [none]
[debug] [2022-09-27T13:05:01.175Z] <<< [apiv2][status] GET https://api.github.com/user 200
[debug] [2022-09-27T13:05:01.175Z] <<< [apiv2][body] GET https://api.github.com/user {"login":"RachelleMaina","id":43179925,"node_id":"MDQ6VXNlcjQzMTc5OTI1","avatar_url":"https://avatars.githubusercontent.com/u/43179925?v=4","gravatar_id":"","url":"https://api.github.com/users/RachelleMaina","html_url":"https://github.com/RachelleMaina","followers_url":"https://api.github.com/users/RachelleMaina/followers","following_url":"https://api.github.com/users/RachelleMaina/following{/other_user}","gists_url":"https://api.github.com/users/RachelleMaina/gists{/gist_id}","starred_url":"https://api.github.com/users/RachelleMaina/starred{/owner}{/repo}","subscriptions_url":"https://api.github.com/users/RachelleMaina/subscriptions","organizations_url":"https://api.github.com/users/RachelleMaina/orgs","repos_url":"https://api.github.com/users/RachelleMaina/repos","events_url":"https://api.github.com/users/RachelleMaina/events{/privacy}","received_events_url":"https://api.github.com/users/RachelleMaina/received_events","type":"User","site_admin":false,"name":"Rachel Maina","company":null,"blog":"","location":null,"email":null,"hireable":null,"bio":null,"twitter_username":null,"public_repos":17,"public_gists":0,"followers":5,"following":6,"created_at":"2018-09-11T15:43:09Z","updated_at":"2022-05-04T05:42:13Z","private_gists":0,"total_private_repos":0,"owned_private_repos":0,"disk_usage":16524,"collaborators":0,"two_factor_authentication":true,"plan":{"name":"free","space":976562499,"collaborators":0,"private_repos":10000}}
[info] 
[info] ✔  Success! Logged into GitHub as RachelleMaina 
[info] 
